  Main.cpp
C:\Users\tamog\Cpprog\SFML_Proj\Main.cpp(44,33): warning C4244: 'initializing': conversion from 'double' to 'float', possible loss of data
C:\Users\tamog\Cpprog\SFML_Proj\Main.cpp(44,27): warning C4244: 'initializing': conversion from 'double' to 'const float', possible loss of data
C:\Users\tamog\Cpprog\SFML_Proj\Main.cpp(101,45): warning C4244: '=': conversion from 'T' to 'long', possible loss of data
          with
          [
              T=float
          ]
C:\Users\tamog\Cpprog\SFML_Proj\Main.cpp(102,45): warning C4244: '=': conversion from 'T' to 'long', possible loss of data
          with
          [
              T=float
          ]
C:\Users\tamog\Cpprog\SFML_Proj\Main.cpp(104,41): warning C4244: '=': conversion from 'T' to 'long', possible loss of data
          with
          [
              T=float
          ]
C:\Users\tamog\Cpprog\SFML_Proj\Main.cpp(105,42): warning C4244: '=': conversion from 'T' to 'long', possible loss of data
          with
          [
              T=float
          ]
C:\Users\tamog\Cpprog\SFML_Proj\Main.cpp(218,38): warning C4244: 'argument': conversion from 'double' to 'T', possible loss of data
          with
          [
              T=float
          ]
C:\Users\tamog\Cpprog\SFML_Proj\Main.cpp(217,62): warning C4244: 'argument': conversion from 'double' to 'T', possible loss of data
          with
          [
              T=float
          ]
C:\Users\tamog\Cpprog\SFML_Proj\Main.cpp(230,38): warning C4244: 'argument': conversion from 'double' to 'T', possible loss of data
          with
          [
              T=float
          ]
C:\Users\tamog\Cpprog\SFML_Proj\Main.cpp(229,62): warning C4244: 'argument': conversion from 'double' to 'T', possible loss of data
          with
          [
              T=float
          ]
C:\Users\tamog\Cpprog\SFML_Proj\Main.cpp(250,38): warning C4244: '=': conversion from 'float' to 'int', possible loss of data
  SFML_Proj.vcxproj -> C:\Users\tamog\Cpprog\SFML_Proj\x64\Debug\SFML_Proj.exe
